<?xml version="1.0" encoding="UTF-8"?>
<!-- Generated by org.testng.reporters.JUnitReportReporter -->
<testsuite hostname="LAPTOP-0BN6G3UL" failures="0" tests="7" name="com.ramkrishna.restapitests.TestAPIDemo" time="4.230" errors="0" timestamp="2024-10-31T09:38:35 EDT" skipped="0">
  <testcase classname="com.ramkrishna.restapitests.TestAPIDemo" name="deleteBookingTest" time="1.567"/>
  <testcase classname="com.ramkrishna.restapitests.TestAPIDemo" name="getBookingByIdsTest" time="0.182"/>
  <testcase classname="com.ramkrishna.restapitests.TestAPIDemo" name="updateBookingTest" time="0.283"/>
  <testcase classname="com.ramkrishna.restapitests.TestAPIDemo" name="partialUpdateBookingTest" time="0.301"/>
  <testcase classname="com.ramkrishna.restapitests.TestAPIDemo" name="createBookingTest" time="1.275"/>
  <testcase classname="com.ramkrishna.restapitests.TestAPIDemo" name="pingTest" time="0.178"/>
  <testcase classname="com.ramkrishna.restapitests.TestAPIDemo" name="getBookingIdsTest" time="0.444"/>
</testsuite> <!-- com.ramkrishna.restapitests.TestAPIDemo -->
