<?xml version="1.0" encoding="UTF-8"?>
<!-- Generated by org.testng.reporters.JUnitReportReporter -->
<testsuite hostname="LAPTOP-0BN6G3UL" failures="0" tests="1" name="com.ramkrishna.uitests.LoginPageTests" time="6.839" errors="0" timestamp="2024-10-31T09:38:45 EDT" skipped="0">
  <testcase classname="com.ramkrishna.uitests.LoginPageTests" name="demoMVNRepoSiteTest" time="6.839"/>
</testsuite> <!-- com.ramkrishna.uitests.LoginPageTests -->
